0 info it worked if it ends with ok
1 verbose cli [ '/usr/local/Cellar/node/4.1.1/bin/node',
1 verbose cli   '/usr/local/bin/npm',
1 verbose cli   'shrinkwrap' ]
2 info using npm@2.14.4
3 info using node@v4.1.1
4 verbose stack Error: Problems were encountered
4 verbose stack Please correct and try again.
4 verbose stack extraneous: crypto-js@3.1.6 /Users/harrisosserman/DataScience/word2vec/node_modules/crypto-js
4 verbose stack extraneous: json2csv@3.2.0 /Users/harrisosserman/DataScience/word2vec/node_modules/json2csv
4 verbose stack     at shrinkwrap_ (/usr/local/lib/node_modules/npm/lib/shrinkwrap.js:37:15)
4 verbose stack     at /usr/local/lib/node_modules/npm/lib/shrinkwrap.js:31:5
4 verbose stack     at /usr/local/lib/node_modules/npm/lib/ls.js:47:30
4 verbose stack     at /usr/local/lib/node_modules/npm/node_modules/read-installed/read-installed.js:142:5
4 verbose stack     at /usr/local/lib/node_modules/npm/node_modules/read-installed/read-installed.js:263:14
4 verbose stack     at cb (/usr/local/lib/node_modules/npm/node_modules/slide/lib/async-map.js:47:24)
4 verbose stack     at /usr/local/lib/node_modules/npm/node_modules/read-installed/read-installed.js:263:14
4 verbose stack     at cb (/usr/local/lib/node_modules/npm/node_modules/slide/lib/async-map.js:47:24)
4 verbose stack     at /usr/local/lib/node_modules/npm/node_modules/read-installed/read-installed.js:263:14
4 verbose stack     at cb (/usr/local/lib/node_modules/npm/node_modules/slide/lib/async-map.js:47:24)
5 verbose cwd /Users/harrisosserman/DataScience/word2vec
6 error Darwin 14.5.0
7 error argv "/usr/local/Cellar/node/4.1.1/bin/node" "/usr/local/bin/npm" "shrinkwrap"
8 error node v4.1.1
9 error npm  v2.14.4
10 error Problems were encountered
10 error Please correct and try again.
10 error extraneous: crypto-js@3.1.6 /Users/harrisosserman/DataScience/word2vec/node_modules/crypto-js
10 error extraneous: json2csv@3.2.0 /Users/harrisosserman/DataScience/word2vec/node_modules/json2csv
11 error If you need help, you may report this error at:
11 error     <https://github.com/npm/npm/issues>
12 verbose exit [ 1, true ]
